Using pre-set license
Built from '2020.3/release' branch; Version is '2020.3.1f1 (77a89f25062f) revision 7841951'; Using compiler version '192528614'; Build Type 'Release'
OS: 'Windows 10 Pro; OS build 19042.928; Version 2009; 64bit' Language: 'en' Physical Memory: 32601 MB
BatchMode: 1, IsHumanControllingUs: 0, StartBugReporterOnCrash: 0, Is64bit: 1, IsPro: 0

 COMMAND LINE ARGUMENTS:
C:\Program Files\Unity\Hub\Editor\2020.3.1f1\Editor\Unity.exe
-adb2
-batchMode
-noUpm
-name
AssetImportWorker0
-projectPath
E:/spring term tfs/cross platforms/term2CPP/mario_trialproj
-logFile
Logs/AssetImportWorker0.log
-srvPort
52028
Successfully changed project path to: E:/spring term tfs/cross platforms/term2CPP/mario_trialproj
E:/spring term tfs/cross platforms/term2CPP/mario_trialproj
Using Asset Import Pipeline V2.
Refreshing native plugins compatible for Editor in 33.25 ms, found 1 plugins.
Preloading 0 native plugins for Editor in 0.00 ms.
Initialize engine version: 2020.3.1f1 (77a89f25062f)
[Subsystems] Discovering subsystems at path C:/Program Files/Unity/Hub/Editor/2020.3.1f1/Editor/Data/Resources/UnitySubsystems
[Subsystems] Discovering subsystems at path E:/spring term tfs/cross platforms/term2CPP/mario_trialproj/Assets
GfxDevice: creating device client; threaded=0
Direct3D:
    Version:  Direct3D 11.0 [level 11.1]
    Renderer: NVIDIA Quadro RTX 4000 (ID=0x1eb1)
    Vendor:   
    VRAM:     8018 MB
    Driver:   27.21.14.5256
Initialize mono
Mono path[0] = 'C:/Program Files/Unity/Hub/Editor/2020.3.1f1/Editor/Data/Managed'
Mono path[1] = 'C:/Program Files/Unity/Hub/Editor/2020.3.1f1/Editor/Data/MonoBleedingEdge/lib/mono/unityjit'
Mono config path = 'C:/Program Files/Unity/Hub/Editor/2020.3.1f1/Editor/Data/MonoBleedingEdge/etc'
Using monoOptions --debugger-agent=transport=dt_socket,embedding=1,server=y,suspend=n,address=127.0.0.1:56760
Begin MonoManager ReloadAssembly
Registering precompiled unity dll's ...
Register platform support module: C:/Program Files/Unity/Hub/Editor/2020.3.1f1/Editor/Data/PlaybackEngines/WindowsStandaloneSupport/UnityEditor.WindowsStandalone.Extensions.dll
Registered in 0.003060 seconds.
Native extension for WindowsStandalone target not found
Refreshing native plugins compatible for Editor in 30.92 ms, found 1 plugins.
Preloading 0 native plugins for Editor in 0.00 ms.
Invoked RoslynAnalysisRunner static constructor.
RoslynAnalysisRunner will not be running.
RoslynAnalysisRunner has terminated.
Mono: successfully reloaded assembly
- Completed reload, in  1.008 seconds
Platform modules already initialized, skipping
Registering precompiled user dll's ...
Registered in 0.001145 seconds.
Begin MonoManager ReloadAssembly
Native extension for WindowsStandalone target not found
Refreshing native plugins compatible for Editor in 32.48 ms, found 1 plugins.
Preloading 0 native plugins for Editor in 0.00 ms.
Invoked RoslynAnalysisRunner static constructor.
RoslynAnalysisRunner will not be running.
RoslynAnalysisRunner has terminated.
Mono: successfully reloaded assembly
- Completed reload, in  0.870 seconds
Platform modules already initialized, skipping
========================================================================
Worker process is ready to serve import requests
Launched and connected shader compiler UnityShaderCompiler.exe after 0.04 seconds
Refreshing native plugins compatible for Editor in 0.30 ms, found 1 plugins.
Preloading 0 native plugins for Editor in 0.00 ms.
Unloading 1806 Unused Serialized files (Serialized files now loaded: 0)
System memory in use before: 84.5 MB.
System memory in use after: 84.5 MB.

Unloading 24 unused Assets to reduce memory usage. Loaded Objects now: 2248.
Total: 3.530100 ms (FindLiveObjects: 0.336200 ms CreateObjectMapping: 0.141900 ms MarkObjects: 2.874800 ms  DeleteObjects: 0.175100 ms)

========================================================================
Received Import Request.
  path: Assets/Scenes
  artifactKey: Guid(ea566ba2a1762224fb5c2b3d3ee9465a) Importer(815301076,1909f56bfc062723c751e8b465ee728b)
Start importing Assets/Scenes using Guid(ea566ba2a1762224fb5c2b3d3ee9465a) Importer(815301076,1909f56bfc062723c751e8b465ee728b)  -> (artifact id: '5032dee0457a5068cddeb48da8c909ad') in 0.010848 seconds
  Import took 0.015761 seconds .

========================================================================
Received Import Request.
  Time since last request: 0.000337 seconds.
  path: Assets/Scenes/SampleScene.unity
  artifactKey: Guid(2cda990e2423bbf4892e6590ba056729) Importer(815301076,1909f56bfc062723c751e8b465ee728b)
Start importing Assets/Scenes/SampleScene.unity using Guid(2cda990e2423bbf4892e6590ba056729) Importer(815301076,1909f56bfc062723c751e8b465ee728b)  -> (artifact id: '843fd1ca81cfc1706e1cdb210696cdce') in 0.009042 seconds
  Import took 0.011347 seconds .

========================================================================
Received Import Request.
  Time since last request: 90.695622 seconds.
  path: Assets/Scenes/sprites
  artifactKey: Guid(59bf544cfb2a4f04cab508d8e1835533) Importer(815301076,1909f56bfc062723c751e8b465ee728b)
Start importing Assets/Scenes/sprites using Guid(59bf544cfb2a4f04cab508d8e1835533) Importer(815301076,1909f56bfc062723c751e8b465ee728b)  -> (artifact id: '0bed2d67c0c6e5954a45724734b68833') in 0.004417 seconds
  Import took 0.007140 seconds .

========================================================================
Received Import Request.
  Time since last request: 29.809949 seconds.
  path: Assets/sprites/enemeis
  artifactKey: Guid(bcf5bd0ff350b0843aa7a079b4ddd318) Importer(815301076,1909f56bfc062723c751e8b465ee728b)
Start importing Assets/sprites/enemeis using Guid(bcf5bd0ff350b0843aa7a079b4ddd318) Importer(815301076,1909f56bfc062723c751e8b465ee728b)  -> (artifact id: 'b3b4d124d2982a641e4142f77d811e66') in 0.003433 seconds
  Import took 0.005975 seconds .

========================================================================
Received Import Request.
  Time since last request: 5.191538 seconds.
  path: Assets/sprites/player
  artifactKey: Guid(1601a035d99b0894eb041f567ff8e605) Importer(815301076,1909f56bfc062723c751e8b465ee728b)
Start importing Assets/sprites/player using Guid(1601a035d99b0894eb041f567ff8e605) Importer(815301076,1909f56bfc062723c751e8b465ee728b)  -> (artifact id: 'c56cc56f4522aa61a7f5262471574764') in 0.003664 seconds
  Import took 0.006188 seconds .

========================================================================
Received Import Request.
  Time since last request: 267.065390 seconds.
  path: Assets/Misc
  artifactKey: Guid(0652f73a3cf5533409e89aa59bf19a86) Importer(815301076,1909f56bfc062723c751e8b465ee728b)
Start importing Assets/Misc using Guid(0652f73a3cf5533409e89aa59bf19a86) Importer(815301076,1909f56bfc062723c751e8b465ee728b)  -> (artifact id: 'c99aea41fbeace756692404ad89766d3') in 0.004115 seconds
  Import took 0.007175 seconds .

========================================================================
Received Import Request.
  Time since last request: 314.360342 seconds.
  path: Assets/Misc/DonutPlains1_DONE.png
  artifactKey: Guid(0702cbd3b63abc04db251c1f16b5c18b) Importer(815301076,1909f56bfc062723c751e8b465ee728b)
Start importing Assets/Misc/DonutPlains1_DONE.png using Guid(0702cbd3b63abc04db251c1f16b5c18b) Importer(815301076,1909f56bfc062723c751e8b465ee728b)  -> (artifact id: '29dac50fae2857c217dfbea76deb804a') in 0.115065 seconds
  Import took 0.118416 seconds .

========================================================================
Received Import Request.
  Time since last request: 54.839227 seconds.
  path: Assets/sprites/enemeis/Sprite_Enemies.png
  artifactKey: Guid(ec550e3b612d78c4c98170d3a2f615ec) Importer(815301076,1909f56bfc062723c751e8b465ee728b)
Start importing Assets/sprites/enemeis/Sprite_Enemies.png using Guid(ec550e3b612d78c4c98170d3a2f615ec) Importer(815301076,1909f56bfc062723c751e8b465ee728b)  -> (artifact id: 'bf2e665c18ca2845cd9e6bba84c027dd') in 0.017810 seconds
  Import took 0.020362 seconds .

========================================================================
Received Import Request.
  Time since last request: 60.971232 seconds.
  path: Assets/sprites/Misc/DonutPlains1_DONE.png
  artifactKey: Guid(0702cbd3b63abc04db251c1f16b5c18b) Importer(815301076,1909f56bfc062723c751e8b465ee728b)
Start importing Assets/sprites/Misc/DonutPlains1_DONE.png using Guid(0702cbd3b63abc04db251c1f16b5c18b) Importer(815301076,1909f56bfc062723c751e8b465ee728b)  -> (artifact id: 'd48ef74d401f1495bc0d961cd87d18fc') in 0.011664 seconds
  Import took 0.014188 seconds .

========================================================================
Received Import Request.
  Time since last request: 398.426498 seconds.
  path: Assets/sprites/Misc/DonutPlains1_DONE.png
  artifactKey: Guid(0702cbd3b63abc04db251c1f16b5c18b) Importer(815301076,1909f56bfc062723c751e8b465ee728b)
Start importing Assets/sprites/Misc/DonutPlains1_DONE.png using Guid(0702cbd3b63abc04db251c1f16b5c18b) Importer(815301076,1909f56bfc062723c751e8b465ee728b)  -> (artifact id: '18938cf0e98ca654b7615d03c36e07f6') in 0.045546 seconds
  Import took 0.048806 seconds .

========================================================================
Received Import Request.
  Time since last request: 48.027337 seconds.
  path: Assets/sprites/player/Sprite_Mario.png
  artifactKey: Guid(457e107ee6396e748a41c5be900aef1c) Importer(815301076,1909f56bfc062723c751e8b465ee728b)
Start importing Assets/sprites/player/Sprite_Mario.png using Guid(457e107ee6396e748a41c5be900aef1c) Importer(815301076,1909f56bfc062723c751e8b465ee728b)  -> (artifact id: '68ee2d62a7f89cb0e37252db17dc9c09') in 0.012356 seconds
  Import took 0.014864 seconds .

========================================================================
Received Import Request.
  Time since last request: 688.891891 seconds.
  path: Assets/sprites/Misc/DonutPlains1_DONE.png
  artifactKey: Guid(0702cbd3b63abc04db251c1f16b5c18b) Importer(815301076,1909f56bfc062723c751e8b465ee728b)
Start importing Assets/sprites/Misc/DonutPlains1_DONE.png using Guid(0702cbd3b63abc04db251c1f16b5c18b) Importer(815301076,1909f56bfc062723c751e8b465ee728b)  -> (artifact id: 'b4ca101d57008018acbb7e66773b3c4d') in 0.022710 seconds
  Import took 0.025999 seconds .

========================================================================
Received Import Request.
  Time since last request: 5994.257809 seconds.
  path: Assets/sprites/Misc/DonutPlains1_DONE.png
  artifactKey: Guid(0702cbd3b63abc04db251c1f16b5c18b) Importer(815301076,1909f56bfc062723c751e8b465ee728b)
Start importing Assets/sprites/Misc/DonutPlains1_DONE.png using Guid(0702cbd3b63abc04db251c1f16b5c18b) Importer(815301076,1909f56bfc062723c751e8b465ee728b)  -> (artifact id: 'de9d0747d24868bf157ee8b772081ced') in 0.051940 seconds
  Import took 0.054875 seconds .

========================================================================
Received Import Request.
  Time since last request: 11.788020 seconds.
  path: Assets/sprites/Misc/DonutPlains1_DONE.png
  artifactKey: Guid(0702cbd3b63abc04db251c1f16b5c18b) Importer(815301076,1909f56bfc062723c751e8b465ee728b)
Start importing Assets/sprites/Misc/DonutPlains1_DONE.png using Guid(0702cbd3b63abc04db251c1f16b5c18b) Importer(815301076,1909f56bfc062723c751e8b465ee728b)  -> (artifact id: '30614c2c674711347a7cf0adaa3f2637') in 0.050999 seconds
  Import took 0.053657 seconds .

========================================================================
Received Import Request.
  Time since last request: 5.085058 seconds.
  path: Assets/sprites/Misc/DonutPlains1_DONE.png
  artifactKey: Guid(0702cbd3b63abc04db251c1f16b5c18b) Importer(815301076,1909f56bfc062723c751e8b465ee728b)
Start importing Assets/sprites/Misc/DonutPlains1_DONE.png using Guid(0702cbd3b63abc04db251c1f16b5c18b) Importer(815301076,1909f56bfc062723c751e8b465ee728b)  -> (artifact id: '1c92b5ed4b450f044d2d0ac9e58cd6c0') in 0.052181 seconds
  Import took 0.054686 seconds .

========================================================================
Received Import Request.
  Time since last request: 6.427854 seconds.
  path: Assets/sprites/Misc/DonutPlains1_DONE.png
  artifactKey: Guid(0702cbd3b63abc04db251c1f16b5c18b) Importer(815301076,1909f56bfc062723c751e8b465ee728b)
Start importing Assets/sprites/Misc/DonutPlains1_DONE.png using Guid(0702cbd3b63abc04db251c1f16b5c18b) Importer(815301076,1909f56bfc062723c751e8b465ee728b)  -> (artifact id: '94476bdecc094735b7e9efae10e7cac3') in 0.027177 seconds
  Import took 0.029693 seconds .

========================================================================
Received Import Request.
  Time since last request: 130.869258 seconds.
  path: Assets/sprites/player/Sprite_Mario.png
  artifactKey: Guid(457e107ee6396e748a41c5be900aef1c) Importer(815301076,1909f56bfc062723c751e8b465ee728b)
Start importing Assets/sprites/player/Sprite_Mario.png using Guid(457e107ee6396e748a41c5be900aef1c) Importer(815301076,1909f56bfc062723c751e8b465ee728b)  -> (artifact id: 'ea466de5806c560bc70f20d646c7d27f') in 0.008826 seconds
  Import took 0.011955 seconds .

========================================================================
Received Import Request.
  Time since last request: 675.224431 seconds.
  path: Assets/sprites/player/Sprite_Mario.png
  artifactKey: Guid(457e107ee6396e748a41c5be900aef1c) Importer(815301076,1909f56bfc062723c751e8b465ee728b)
Start importing Assets/sprites/player/Sprite_Mario.png using Guid(457e107ee6396e748a41c5be900aef1c) Importer(815301076,1909f56bfc062723c751e8b465ee728b)  -> (artifact id: '42b866587f04f293630c5884449a2b61') in 0.124774 seconds
  Import took 0.127881 seconds .

========================================================================
Received Import Request.
  Time since last request: 162.521073 seconds.
  path: Assets/sprites/player/Sprite_Mario.png
  artifactKey: Guid(457e107ee6396e748a41c5be900aef1c) Importer(815301076,1909f56bfc062723c751e8b465ee728b)
Start importing Assets/sprites/player/Sprite_Mario.png using Guid(457e107ee6396e748a41c5be900aef1c) Importer(815301076,1909f56bfc062723c751e8b465ee728b)  -> (artifact id: '0b140b811a3e18d27dfd5207abdd8848') in 0.094751 seconds
  Import took 0.097688 seconds .

========================================================================
Received Import Request.
  Time since last request: 36.069597 seconds.
  path: Assets/sprites/player/Sprite_Mario.png
  artifactKey: Guid(457e107ee6396e748a41c5be900aef1c) Importer(815301076,1909f56bfc062723c751e8b465ee728b)
Start importing Assets/sprites/player/Sprite_Mario.png using Guid(457e107ee6396e748a41c5be900aef1c) Importer(815301076,1909f56bfc062723c751e8b465ee728b)  -> (artifact id: 'a93be9ed0a7d06eaa90fef8b8a634d52') in 0.100952 seconds
  Import took 0.103865 seconds .

========================================================================
Received Import Request.
  Time since last request: 2.909880 seconds.
  path: Assets/sprites/player/Sprite_Mario.png
  artifactKey: Guid(457e107ee6396e748a41c5be900aef1c) Importer(815301076,1909f56bfc062723c751e8b465ee728b)
Start importing Assets/sprites/player/Sprite_Mario.png using Guid(457e107ee6396e748a41c5be900aef1c) Importer(815301076,1909f56bfc062723c751e8b465ee728b)  -> (artifact id: '4f44c913b9d31ee33d2622575619a804') in 0.101208 seconds
  Import took 0.104221 seconds .

========================================================================
Received Import Request.
  Time since last request: 3.585415 seconds.
  path: Assets/sprites/player/Sprite_Mario.png
  artifactKey: Guid(457e107ee6396e748a41c5be900aef1c) Importer(815301076,1909f56bfc062723c751e8b465ee728b)
Start importing Assets/sprites/player/Sprite_Mario.png using Guid(457e107ee6396e748a41c5be900aef1c) Importer(815301076,1909f56bfc062723c751e8b465ee728b)  -> (artifact id: 'ee618ca7b1d02cde94c316051ffd7123') in 0.093443 seconds
  Import took 0.096369 seconds .

========================================================================
Received Import Request.
  Time since last request: 6.604349 seconds.
  path: Assets/sprites/player/Sprite_Mario.png
  artifactKey: Guid(457e107ee6396e748a41c5be900aef1c) Importer(815301076,1909f56bfc062723c751e8b465ee728b)
Start importing Assets/sprites/player/Sprite_Mario.png using Guid(457e107ee6396e748a41c5be900aef1c) Importer(815301076,1909f56bfc062723c751e8b465ee728b)  -> (artifact id: '929c0e4c3a48e2d589ad24348d717ed9') in 0.110534 seconds
  Import took 0.113592 seconds .

========================================================================
Received Import Request.
  Time since last request: 3.799532 seconds.
  path: Assets/sprites/player/Sprite_Mario.png
  artifactKey: Guid(457e107ee6396e748a41c5be900aef1c) Importer(815301076,1909f56bfc062723c751e8b465ee728b)
Start importing Assets/sprites/player/Sprite_Mario.png using Guid(457e107ee6396e748a41c5be900aef1c) Importer(815301076,1909f56bfc062723c751e8b465ee728b)  -> (artifact id: '9822362ddebfdfe50f5473d7b87d2f0b') in 0.114130 seconds
  Import took 0.116869 seconds .

========================================================================
Received Import Request.
  Time since last request: 2.462439 seconds.
  path: Assets/sprites/player/Sprite_Mario.png
  artifactKey: Guid(457e107ee6396e748a41c5be900aef1c) Importer(815301076,1909f56bfc062723c751e8b465ee728b)
Start importing Assets/sprites/player/Sprite_Mario.png using Guid(457e107ee6396e748a41c5be900aef1c) Importer(815301076,1909f56bfc062723c751e8b465ee728b)  -> (artifact id: '7ca9124949f689e71f29491b6d93d75e') in 0.095260 seconds
  Import took 0.098366 seconds .

========================================================================
Received Import Request.
  Time since last request: 731.243851 seconds.
  path: Assets/sprites/Misc/DonutPlains1_DONE.png
  artifactKey: Guid(0702cbd3b63abc04db251c1f16b5c18b) Importer(815301076,1909f56bfc062723c751e8b465ee728b)
Start importing Assets/sprites/Misc/DonutPlains1_DONE.png using Guid(0702cbd3b63abc04db251c1f16b5c18b) Importer(815301076,1909f56bfc062723c751e8b465ee728b)  -> (artifact id: 'd4050fef19a3afed0306b072186b23bf') in 0.042329 seconds
  Import took 0.045401 seconds .

========================================================================
Received Prepare
Registering precompiled user dll's ...
Registered in 0.001058 seconds.
Begin MonoManager ReloadAssembly
Native extension for WindowsStandalone target not found
Refreshing native plugins compatible for Editor in 0.31 ms, found 1 plugins.
Preloading 0 native plugins for Editor in 0.00 ms.
Invoked RoslynAnalysisRunner static constructor.
RoslynAnalysisRunner will not be running.
RoslynAnalysisRunner has terminated.
Mono: successfully reloaded assembly
- Completed reload, in  0.788 seconds
Platform modules already initialized, skipping
Refreshing native plugins compatible for Editor in 0.33 ms, found 1 plugins.
Preloading 0 native plugins for Editor in 0.00 ms.
Unloading 1801 Unused Serialized files (Serialized files now loaded: 0)
System memory in use before: 87.9 MB.
System memory in use after: 87.9 MB.

Unloading 12 unused Assets to reduce memory usage. Loaded Objects now: 2430.
Total: 3.538400 ms (FindLiveObjects: 0.322300 ms CreateObjectMapping: 0.146700 ms MarkObjects: 2.910400 ms  DeleteObjects: 0.157000 ms)

========================================================================
Received Prepare
Registering precompiled user dll's ...
Registered in 0.001053 seconds.
Begin MonoManager ReloadAssembly
Native extension for WindowsStandalone target not found
Refreshing native plugins compatible for Editor in 0.32 ms, found 1 plugins.
Preloading 0 native plugins for Editor in 0.00 ms.
Invoked RoslynAnalysisRunner static constructor.
RoslynAnalysisRunner will not be running.
RoslynAnalysisRunner has terminated.
Mono: successfully reloaded assembly
- Completed reload, in  0.776 seconds
Platform modules already initialized, skipping
Refreshing native plugins compatible for Editor in 0.30 ms, found 1 plugins.
Preloading 0 native plugins for Editor in 0.00 ms.
Unloading 1801 Unused Serialized files (Serialized files now loaded: 0)
System memory in use before: 87.9 MB.
System memory in use after: 87.9 MB.

Unloading 12 unused Assets to reduce memory usage. Loaded Objects now: 2434.
Total: 1.761900 ms (FindLiveObjects: 0.173500 ms CreateObjectMapping: 0.055000 ms MarkObjects: 1.447200 ms  DeleteObjects: 0.085400 ms)

========================================================================
Received Prepare
Registering precompiled user dll's ...
Registered in 0.001126 seconds.
Begin MonoManager ReloadAssembly
Native extension for WindowsStandalone target not found
Refreshing native plugins compatible for Editor in 0.32 ms, found 1 plugins.
Preloading 0 native plugins for Editor in 0.00 ms.
Invoked RoslynAnalysisRunner static constructor.
RoslynAnalysisRunner will not be running.
RoslynAnalysisRunner has terminated.
Mono: successfully reloaded assembly
- Completed reload, in  0.780 seconds
Platform modules already initialized, skipping
Refreshing native plugins compatible for Editor in 0.30 ms, found 1 plugins.
Preloading 0 native plugins for Editor in 0.00 ms.
Unloading 1801 Unused Serialized files (Serialized files now loaded: 0)
System memory in use before: 87.9 MB.
System memory in use after: 87.9 MB.

Unloading 12 unused Assets to reduce memory usage. Loaded Objects now: 2438.
Total: 2.196000 ms (FindLiveObjects: 0.181300 ms CreateObjectMapping: 0.070300 ms MarkObjects: 1.829400 ms  DeleteObjects: 0.114000 ms)

========================================================================
Received Prepare
Registering precompiled user dll's ...
Registered in 0.001210 seconds.
Begin MonoManager ReloadAssembly
Native extension for WindowsStandalone target not found
Refreshing native plugins compatible for Editor in 0.31 ms, found 1 plugins.
Preloading 0 native plugins for Editor in 0.00 ms.
Invoked RoslynAnalysisRunner static constructor.
RoslynAnalysisRunner will not be running.
RoslynAnalysisRunner has terminated.
Mono: successfully reloaded assembly
- Completed reload, in  0.771 seconds
Platform modules already initialized, skipping
Refreshing native plugins compatible for Editor in 0.30 ms, found 1 plugins.
Preloading 0 native plugins for Editor in 0.00 ms.
Unloading 1801 Unused Serialized files (Serialized files now loaded: 0)
System memory in use before: 88.0 MB.
System memory in use after: 88.0 MB.

Unloading 12 unused Assets to reduce memory usage. Loaded Objects now: 2442.
Total: 2.112600 ms (FindLiveObjects: 0.254900 ms CreateObjectMapping: 0.088000 ms MarkObjects: 1.674800 ms  DeleteObjects: 0.093500 ms)

========================================================================
Received Prepare
Registering precompiled user dll's ...
Registered in 0.001031 seconds.
Begin MonoManager ReloadAssembly
Native extension for WindowsStandalone target not found
Refreshing native plugins compatible for Editor in 0.32 ms, found 1 plugins.
Preloading 0 native plugins for Editor in 0.00 ms.
Invoked RoslynAnalysisRunner static constructor.
RoslynAnalysisRunner will not be running.
RoslynAnalysisRunner has terminated.
Mono: successfully reloaded assembly
- Completed reload, in  0.776 seconds
Platform modules already initialized, skipping
Refreshing native plugins compatible for Editor in 0.30 ms, found 1 plugins.
Preloading 0 native plugins for Editor in 0.00 ms.
Unloading 1801 Unused Serialized files (Serialized files now loaded: 0)
System memory in use before: 88.0 MB.
System memory in use after: 88.0 MB.

Unloading 12 unused Assets to reduce memory usage. Loaded Objects now: 2446.
Total: 3.560000 ms (FindLiveObjects: 0.322600 ms CreateObjectMapping: 0.139000 ms MarkObjects: 2.897900 ms  DeleteObjects: 0.198600 ms)

========================================================================
Received Import Request.
  Time since last request: 1241.838593 seconds.
  path: Assets/sprites/enemeis/Sprite_Enemies.png
  artifactKey: Guid(ec550e3b612d78c4c98170d3a2f615ec) Importer(815301076,1909f56bfc062723c751e8b465ee728b)
Start importing Assets/sprites/enemeis/Sprite_Enemies.png using Guid(ec550e3b612d78c4c98170d3a2f615ec) Importer(815301076,1909f56bfc062723c751e8b465ee728b)  -> (artifact id: '53446617ca89ede87f7b03bcce7325e8') in 0.037261 seconds
  Import took 0.040948 seconds .

========================================================================
Received Import Request.
  Time since last request: 322.529065 seconds.
  path: Assets/sprites/enemeis/Sprite_Enemies.png
  artifactKey: Guid(ec550e3b612d78c4c98170d3a2f615ec) Importer(815301076,1909f56bfc062723c751e8b465ee728b)
Start importing Assets/sprites/enemeis/Sprite_Enemies.png using Guid(ec550e3b612d78c4c98170d3a2f615ec) Importer(815301076,1909f56bfc062723c751e8b465ee728b)  -> (artifact id: '3082ac5e4b151c167e93fa4df82dfebc') in 0.815312 seconds
  Import took 0.822287 seconds .

========================================================================
Received Prepare
Registering precompiled user dll's ...
Registered in 0.001051 seconds.
Begin MonoManager ReloadAssembly
Native extension for WindowsStandalone target not found
Refreshing native plugins compatible for Editor in 0.30 ms, found 1 plugins.
Preloading 0 native plugins for Editor in 0.00 ms.
Invoked RoslynAnalysisRunner static constructor.
RoslynAnalysisRunner will not be running.
RoslynAnalysisRunner has terminated.
Mono: successfully reloaded assembly
- Completed reload, in  0.786 seconds
Platform modules already initialized, skipping
Refreshing native plugins compatible for Editor in 0.41 ms, found 1 plugins.
Preloading 0 native plugins for Editor in 0.00 ms.
Unloading 1801 Unused Serialized files (Serialized files now loaded: 0)
System memory in use before: 88.8 MB.
System memory in use after: 88.9 MB.

Unloading 12 unused Assets to reduce memory usage. Loaded Objects now: 2727.
Total: 1.788800 ms (FindLiveObjects: 0.230600 ms CreateObjectMapping: 0.080200 ms MarkObjects: 1.381700 ms  DeleteObjects: 0.095200 ms)

========================================================================
Received Import Request.
  Time since last request: 133.876292 seconds.
  path: ProjectSettings/TagManager.asset
  artifactKey: Guid(00000000000000003000000000000000) Importer(815301076,1909f56bfc062723c751e8b465ee728b)
Start importing ProjectSettings/TagManager.asset using Guid(00000000000000003000000000000000) Importer(815301076,1909f56bfc062723c751e8b465ee728b)  -> (artifact id: '805fad2e57c96fa8957d9465ea477d84') in 0.017210 seconds
  Import took 0.019756 seconds .

========================================================================
Received Prepare
Registering precompiled user dll's ...
Registered in 0.001127 seconds.
Begin MonoManager ReloadAssembly
Native extension for WindowsStandalone target not found
Refreshing native plugins compatible for Editor in 0.32 ms, found 1 plugins.
Preloading 0 native plugins for Editor in 0.00 ms.
Invoked RoslynAnalysisRunner static constructor.
RoslynAnalysisRunner will not be running.
RoslynAnalysisRunner has terminated.
Mono: successfully reloaded assembly
- Completed reload, in  0.778 seconds
Platform modules already initialized, skipping
Refreshing native plugins compatible for Editor in 0.32 ms, found 1 plugins.
Preloading 0 native plugins for Editor in 0.00 ms.
Unloading 1801 Unused Serialized files (Serialized files now loaded: 0)
System memory in use before: 88.8 MB.
System memory in use after: 88.9 MB.

Unloading 13 unused Assets to reduce memory usage. Loaded Objects now: 2731.
Total: 1.773400 ms (FindLiveObjects: 0.224600 ms CreateObjectMapping: 0.076700 ms MarkObjects: 1.378000 ms  DeleteObjects: 0.093200 ms)

========================================================================
Received Prepare
Registering precompiled user dll's ...
Registered in 0.001172 seconds.
Begin MonoManager ReloadAssembly
Native extension for WindowsStandalone target not found
Refreshing native plugins compatible for Editor in 0.31 ms, found 1 plugins.
Preloading 0 native plugins for Editor in 0.00 ms.
Invoked RoslynAnalysisRunner static constructor.
RoslynAnalysisRunner will not be running.
RoslynAnalysisRunner has terminated.
Mono: successfully reloaded assembly
- Completed reload, in  0.782 seconds
Platform modules already initialized, skipping
Refreshing native plugins compatible for Editor in 0.30 ms, found 1 plugins.
Preloading 0 native plugins for Editor in 0.00 ms.
Unloading 1801 Unused Serialized files (Serialized files now loaded: 0)
System memory in use before: 88.8 MB.
System memory in use after: 88.9 MB.

Unloading 12 unused Assets to reduce memory usage. Loaded Objects now: 2735.
Total: 4.192300 ms (FindLiveObjects: 0.640800 ms CreateObjectMapping: 0.252200 ms MarkObjects: 3.134300 ms  DeleteObjects: 0.163000 ms)

========================================================================
Received Prepare
Registering precompiled user dll's ...
Registered in 0.001136 seconds.
Begin MonoManager ReloadAssembly
Native extension for WindowsStandalone target not found
Refreshing native plugins compatible for Editor in 0.31 ms, found 1 plugins.
Preloading 0 native plugins for Editor in 0.00 ms.
Invoked RoslynAnalysisRunner static constructor.
RoslynAnalysisRunner will not be running.
RoslynAnalysisRunner has terminated.
Mono: successfully reloaded assembly
- Completed reload, in  0.780 seconds
Platform modules already initialized, skipping
Refreshing native plugins compatible for Editor in 0.31 ms, found 1 plugins.
Preloading 0 native plugins for Editor in 0.00 ms.
Unloading 1801 Unused Serialized files (Serialized files now loaded: 0)
System memory in use before: 88.8 MB.
System memory in use after: 88.9 MB.

Unloading 12 unused Assets to reduce memory usage. Loaded Objects now: 2739.
Total: 1.941100 ms (FindLiveObjects: 0.220700 ms CreateObjectMapping: 0.075600 ms MarkObjects: 1.546800 ms  DeleteObjects: 0.097100 ms)

========================================================================
Received Prepare
Registering precompiled user dll's ...
Registered in 0.001246 seconds.
Begin MonoManager ReloadAssembly
Native extension for WindowsStandalone target not found
Refreshing native plugins compatible for Editor in 0.41 ms, found 1 plugins.
Preloading 0 native plugins for Editor in 0.00 ms.
Invoked RoslynAnalysisRunner static constructor.
RoslynAnalysisRunner will not be running.
RoslynAnalysisRunner has terminated.
Mono: successfully reloaded assembly
- Completed reload, in  0.893 seconds
Platform modules already initialized, skipping
Refreshing native plugins compatible for Editor in 0.36 ms, found 1 plugins.
Preloading 0 native plugins for Editor in 0.00 ms.
Unloading 1801 Unused Serialized files (Serialized files now loaded: 0)
System memory in use before: 88.8 MB.
System memory in use after: 88.9 MB.

Unloading 12 unused Assets to reduce memory usage. Loaded Objects now: 2743.
Total: 3.006000 ms (FindLiveObjects: 0.327900 ms CreateObjectMapping: 0.242900 ms MarkObjects: 2.289600 ms  DeleteObjects: 0.142400 ms)

========================================================================
Received Import Request.
  Time since last request: 1297.435444 seconds.
  path: Assets/sprites/player/Sprite_Mario.png
  artifactKey: Guid(457e107ee6396e748a41c5be900aef1c) Importer(815301076,1909f56bfc062723c751e8b465ee728b)
Start importing Assets/sprites/player/Sprite_Mario.png using Guid(457e107ee6396e748a41c5be900aef1c) Importer(815301076,1909f56bfc062723c751e8b465ee728b)  -> (artifact id: '3fe0f7b99a3950f38e5011289a1e0e4e') in 0.137925 seconds
  Import took 0.141437 seconds .

========================================================================
Received Prepare
Registering precompiled user dll's ...
Registered in 0.001213 seconds.
Begin MonoManager ReloadAssembly
Native extension for WindowsStandalone target not found
Refreshing native plugins compatible for Editor in 0.53 ms, found 1 plugins.
Preloading 0 native plugins for Editor in 0.00 ms.
Invoked RoslynAnalysisRunner static constructor.
RoslynAnalysisRunner will not be running.
RoslynAnalysisRunner has terminated.
Mono: successfully reloaded assembly
- Completed reload, in  0.803 seconds
Platform modules already initialized, skipping
Refreshing native plugins compatible for Editor in 0.31 ms, found 1 plugins.
Preloading 0 native plugins for Editor in 0.00 ms.
Unloading 1801 Unused Serialized files (Serialized files now loaded: 0)
System memory in use before: 88.9 MB.
System memory in use after: 89.0 MB.

Unloading 12 unused Assets to reduce memory usage. Loaded Objects now: 2748.
Total: 3.201100 ms (FindLiveObjects: 0.407600 ms CreateObjectMapping: 0.154200 ms MarkObjects: 2.481700 ms  DeleteObjects: 0.156200 ms)

========================================================================
Received Import Request.
  Time since last request: 1086.204789 seconds.
  path: Assets/sprites/player/Sprite_Mario.png
  artifactKey: Guid(457e107ee6396e748a41c5be900aef1c) Importer(815301076,1909f56bfc062723c751e8b465ee728b)
Start importing Assets/sprites/player/Sprite_Mario.png using Guid(457e107ee6396e748a41c5be900aef1c) Importer(815301076,1909f56bfc062723c751e8b465ee728b)  -> (artifact id: 'de38a36c483f5adf35bb2b67037739a7') in 0.129468 seconds
  Import took 0.133054 seconds .

